Warning: You are sending unauthenticated requests to the HF Hub. Please set a HF_TOKEN to enable higher rate limits and faster downloads.
[transformers] Token indices sequence length is longer than the specified maximum sequence length for this model (3180 > 1024). Running this sequence through the model will result in indexing errors
pile_big (512, 513)  fineweb (600, 513)
baseline CE pile_big 3.6309 | fineweb 3.0763
exact fold                                     dCE pile -0.0000 | fineweb -0.0000
svd rank 16                                    dCE pile +0.0141 | fineweb +0.0353
svd rank 32                                    dCE pile -0.0161 | fineweb +0.0170
svd rank 64                                    dCE pile -0.0216 | fineweb +0.0062
svd rank 128                                   dCE pile -0.0093 | fineweb +0.0016
merge K=2048 per-head-branch                   dCE pile -0.0025 | fineweb +0.0196
  dict fit 1/18
  dict fit 2/18
  dict fit 3/18
  dict fit 4/18
  dict fit 5/18
  dict fit 6/18
  dict fit 7/18
  dict fit 8/18
  dict fit 9/18
  dict fit 10/18
  dict fit 11/18
  dict fit 12/18
  dict fit 13/18
  dict fit 14/18
  dict fit 15/18
  dict fit 16/18
  dict fit 17/18
  dict fit 18/18
saved /workspace/tensor_language/basis_aligned/qk_mdl/qk_dict_l0_seed0.pt
dict n=1024 k=8 token-linear                   dCE pile -0.0099 | fineweb +0.0076
dict n=1024 k=8 token-OMP/LS                   dCE pile -0.0107 | fineweb +0.0059
two-stage merge2048 -> OMP dict n=512 k=8      dCE pile -0.0047 | fineweb +0.0278

wrote /workspace/tensor_language/basis_aligned/qk_mdl/qk_audit_big.json
