Warning: You are sending unauthenticated requests to the HF Hub. Please set a HF_TOKEN to enable higher rate limits and faster downloads.
baseline CE fineweb 3.0763
=== n256_k4_s0 (182.8 Mbit, 2.46% raw)
  fitted 18 head-branches (MSE)
  MSE linear:  dCE +0.0171  (fvu 0.587)
  MSE OMP/LS:  dCE +0.0149
  OV-context:  dCE +0.0073
=== n512_k4_s0 (224.1 Mbit, 3.02% raw)
  fitted 18 head-branches (MSE)
  MSE linear:  dCE +0.0144  (fvu 0.569)
  MSE OMP/LS:  dCE +0.0124
  OV-context:  dCE +0.0069
=== n1024_k4_s0 (303.3 Mbit, 4.09% raw)
  fitted 18 head-branches (MSE)
  MSE linear:  dCE +0.0108  (fvu 0.535)
  MSE OMP/LS:  dCE +0.0092
  OV-context:  dCE +0.0070
=== n1024_k8_s0 (455.4 Mbit, 6.14% raw)
  loaded cached seed-0 n=1024 k=8 fits
  MSE linear:  dCE +0.0076  (fvu 0.452)
  MSE OMP/LS:  dCE +0.0059
  OV-context:  dCE +0.0054
=== n2048_k8_s0 (613.6 Mbit, 8.27% raw)
  fitted 18 head-branches (MSE)
  MSE linear:  dCE +0.0065  (fvu 0.430)
  MSE OMP/LS:  dCE +0.0044
  OV-context:  dCE +0.0051
=== n4096_k8_s0 (922.9 Mbit, 12.44% raw)
  fitted 18 head-branches (MSE)
  MSE linear:  dCE +0.0043  (fvu 0.384)
  MSE OMP/LS:  dCE +0.0034
  OV-context:  dCE +0.0042
=== n8192_k8_s0 (1534.1 Mbit, 20.68% raw)
  fitted 18 head-branches (MSE)
  MSE linear:  dCE +0.0149  (fvu 1.181)
  MSE OMP/LS:  dCE +0.0020
  OV-context:  dCE +0.0053
=== n4096_k16_s0 (1241.6 Mbit, 16.74% raw)
  fitted 18 head-branches (MSE)
  MSE linear:  dCE +0.0031  (fvu 0.291)
  MSE OMP/LS:  dCE +0.0018
  OV-context:  dCE +0.0052
=== n512_k4_s1 (224.1 Mbit, 3.02% raw)
  fitted 18 head-branches (MSE)
  MSE linear:  dCE +0.0147  (fvu 0.563)
  OV-context:  dCE +0.0076
=== n1024_k8_s1 (455.4 Mbit, 6.14% raw)
  fitted 18 head-branches (MSE)
  MSE linear:  dCE +0.0074  (fvu 0.450)
  OV-context:  dCE +0.0061
=== n4096_k8_s1 (922.9 Mbit, 12.44% raw)
  fitted 18 head-branches (MSE)
  MSE linear:  dCE +0.0046  (fvu 0.375)
  OV-context:  dCE +0.0041
=== n512_k4_s2 (224.1 Mbit, 3.02% raw)
  fitted 18 head-branches (MSE)
  MSE linear:  dCE +0.0149  (fvu 0.563)
  OV-context:  dCE +0.0076
=== n1024_k8_s2 (455.4 Mbit, 6.14% raw)
  fitted 18 head-branches (MSE)
  MSE linear:  dCE +0.0070  (fvu 0.456)
  OV-context:  dCE +0.0060
=== n4096_k8_s2 (922.9 Mbit, 12.44% raw)
  fitted 18 head-branches (MSE)
  MSE linear:  dCE +0.0061  (fvu 0.467)
  OV-context:  dCE +0.0052

sweep complete
