Warning: You are sending unauthenticated requests to the HF Hub. Please set a HF_TOKEN to enable higher rate limits and faster downloads.
[transformers] Token indices sequence length is longer than the specified maximum sequence length for this model (3180 > 1024). Running this sequence through the model will result in indexing errors
baseline CE orig 3.2341 | wide 3.3248
exact fold                                           (cached from previous run)
svd rank 16                                          (cached from previous run)
svd rank 32                                          (cached from previous run)
merge K=2048 per-head-branch seed 0                  (cached from previous run)
merge K=2048 per-head-branch seed 1                  (cached from previous run)
merge K=2048 per-head-branch seed 2                  (cached from previous run)
  dict seed 0: 18 head-branches fitted
dict n=1024 k=8 token-linear seed 0                  (cached from previous run)
dict n=1024 k=8 token-OMP/LS seed 0                  dCE orig -0.0105 | wide -0.0002
  dict seed 1: 18 head-branches fitted
dict n=1024 k=8 token-linear seed 1                  dCE orig -0.0068 | wide +0.0002
dict n=1024 k=8 token-OMP/LS seed 1                  dCE orig -0.0112 | wide -0.0009
  dict seed 2: 18 head-branches fitted
dict n=1024 k=8 token-linear seed 2                  dCE orig -0.0142 | wide +0.0013
dict n=1024 k=8 token-OMP/LS seed 2                  dCE orig -0.0067 | wide -0.0019
two-stage merge2048 -> OMP dict n=512 k=8 seed 0     dCE orig +0.0003 | wide +0.0174
two-stage merge2048 -> OMP dict n=512 k=8 seed 1     dCE orig +0.0079 | wide +0.0278

wrote /workspace/tensor_language/basis_aligned/qk_mdl/qk_sae_robust.json
