attn4-rms-seed1 step 0 loss 3.368 acc [0.04, 0.05, 0.04, 0.04]
attn4-rms-seed1 step 6000 loss 2.382 acc [1.0, 0.04, 0.04, 0.04]
attn4-rms-seed1 step 12000 loss 2.374 acc [1.0, 0.04, 0.04, 0.04]
attn4-rms-seed1 step 18000 loss 1.664 acc [1.0, 0.76, 0.04, 0.04]
attn4-rms-seed1 step 24000 loss 1.159 acc [1.0, 0.97, 0.26, 0.26]
attn4-rms-seed1 step 30000 loss 1.152 acc [1.0, 0.99, 0.26, 0.26]
attn4-rms-seed1 step 36000 loss 1.114 acc [1.0, 0.99, 0.26, 0.26]
== attn4-rms-seed1: acc by hop [1.0, 0.988, 0.264, 0.258]
attn4-rms-seed2 step 0 loss 3.368 acc [0.03, 0.04, 0.04, 0.04]
attn4-rms-seed2 step 6000 loss 1.276 acc [1.0, 0.76, 0.26, 0.25]
attn4-rms-seed2 step 12000 loss 1.253 acc [1.0, 0.78, 0.26, 0.25]
attn4-rms-seed2 step 18000 loss 1.157 acc [1.0, 0.99, 0.26, 0.26]
attn4-rms-seed2 step 24000 loss 1.083 acc [1.0, 1.0, 0.33, 0.26]
attn4-rms-seed2 step 30000 loss 0.982 acc [1.0, 1.0, 0.45, 0.26]
attn4-rms-seed2 step 36000 loss 0.940 acc [1.0, 1.0, 0.49, 0.26]
== attn4-rms-seed2: acc by hop [1.0, 0.999, 0.498, 0.264]
{
 "attn4-rms-seed1": {
  "0": 1.0,
  "1": 0.9884232838741236,
  "2": 0.26398026315789475,
  "3": 0.25822909809084926
 },
 "attn4-rms-seed2": {
  "0": 1.0,
  "1": 0.9988586336213925,
  "2": 0.4976973684210526,
  "3": 0.26398946675444374
 }
}
