attn-mlp-attn-seed1 step 0 loss 3.376 acc [0.04, 0.04, 0.04, 0.04]
attn-mlp-attn-seed1 step 6000 loss 2.381 acc [1.0, 0.05, 0.04, 0.04]
attn-mlp-attn-seed1 step 12000 loss 1.322 acc [1.0, 0.75, 0.25, 0.25]
attn-mlp-attn-seed1 step 18000 loss 1.192 acc [1.0, 0.88, 0.26, 0.26]
attn-mlp-attn-seed1 step 24000 loss 1.174 acc [1.0, 0.9, 0.26, 0.26]
attn-mlp-attn-seed1 step 30000 loss 1.186 acc [1.0, 0.92, 0.26, 0.26]
attn-mlp-attn-seed1 step 36000 loss 1.143 acc [1.0, 0.93, 0.26, 0.26]
== attn-mlp-attn-seed1: acc by hop [1.0, 0.926, 0.26, 0.258]
attn-mlp-attn-seed2 step 0 loss 3.374 acc [0.04, 0.04, 0.04, 0.04]
attn-mlp-attn-seed2 step 6000 loss 2.383 acc [1.0, 0.04, 0.04, 0.04]
attn-mlp-attn-seed2 step 12000 loss 1.388 acc [1.0, 0.72, 0.25, 0.26]
attn-mlp-attn-seed2 step 18000 loss 1.162 acc [1.0, 0.96, 0.27, 0.27]
attn-mlp-attn-seed2 step 24000 loss 1.144 acc [1.0, 0.97, 0.28, 0.26]
attn-mlp-attn-seed2 step 30000 loss 1.141 acc [1.0, 0.98, 0.28, 0.26]
attn-mlp-attn-seed2 step 36000 loss 1.127 acc [1.0, 0.98, 0.28, 0.26]
== attn-mlp-attn-seed2: acc by hop [1.0, 0.983, 0.287, 0.259]
{
 "attn-mlp-attn-seed1": {
  "0": 1.0,
  "1": 0.9264633947497146,
  "2": 0.2598684210526316,
  "3": 0.2575707702435813
 },
 "attn-mlp-attn-seed2": {
  "0": 1.0,
  "1": 0.982879504320887,
  "2": 0.28717105263157894,
  "3": 0.2587228439763002
 }
}
