softmax-add-3L-grid+dring-qdist-seed0 step 0 loss 4.926 qacc 0.01
softmax-add-3L-grid+dring-qdist-seed0 step 6000 loss 1.336 qacc 0.37
softmax-add-3L-grid+dring-qdist-seed0 step 12000 loss 1.304 qacc 0.35
softmax-add-3L-grid+dring-qdist-seed0 step 18000 loss 1.300 qacc 0.37
== softmax-add-3L-grid+dring-qdist-seed0: grid org ctx8 +0.35 ctx256 -0.63  legal 0.98  qacc 0.38  PC12-harmonic corr 0.07/0.23
bilin-lerp-2L-grid+dring-qdist-seed0 step 0 loss 4.749 qacc 0.01
bilin-lerp-2L-grid+dring-qdist-seed0 step 6000 loss 1.740 qacc 0.21
bilin-lerp-2L-grid+dring-qdist-seed0 step 12000 loss 1.617 qacc 0.28
bilin-lerp-2L-grid+dring-qdist-seed0 step 18000 loss 1.582 qacc 0.29
== bilin-lerp-2L-grid+dring-qdist-seed0: grid org ctx8 -0.39 ctx256 -0.54  legal 0.89  qacc 0.30  PC12-harmonic corr 0.18/0.38
softmax-add-3L-grid+dring-qdist-seed1 step 0 loss 4.903 qacc 0.00
softmax-add-3L-grid+dring-qdist-seed1 step 6000 loss 1.312 qacc 0.37
softmax-add-3L-grid+dring-qdist-seed1 step 12000 loss 1.299 qacc 0.36
softmax-add-3L-grid+dring-qdist-seed1 step 18000 loss 1.301 qacc 0.34
== softmax-add-3L-grid+dring-qdist-seed1: grid org ctx8 +0.34 ctx256 -0.72  legal 0.99  qacc 0.38  PC12-harmonic corr 0.04/0.22
bilin-lerp-2L-grid+dring-qdist-seed1 step 0 loss 4.746 qacc 0.00
bilin-lerp-2L-grid+dring-qdist-seed1 step 6000 loss 1.656 qacc 0.30
bilin-lerp-2L-grid+dring-qdist-seed1 step 12000 loss 1.593 qacc 0.30
bilin-lerp-2L-grid+dring-qdist-seed1 step 18000 loss 1.567 qacc 0.27
== bilin-lerp-2L-grid+dring-qdist-seed1: grid org ctx8 -0.48 ctx256 -0.54  legal 0.90  qacc 0.33  PC12-harmonic corr 0.19/0.33
{
 "softmax-add-3L-grid+dring-qdist-seed0": {
  "org8": 0.3498772978782654,
  "org256": -0.625270426273346,
  "legal": 0.984682559967041,
  "qacc": 0.3804687559604645,
  "pc_corr": [
   0.07195571810007095,
   0.2330465316772461,
   0.16151830554008484,
   0.1335243433713913
  ],
  "pc_var": [
   0.16622424125671387,
   0.12556499242782593,
   0.1029733419418335,
   0.08800077438354492
  ]
 },
 "bilin-lerp-2L-grid+dring-qdist-seed0": {
  "org8": -0.39170700311660767,
  "org256": -0.5356541872024536,
  "legal": 0.8914247155189514,
  "qacc": 0.2953124940395355,
  "pc_corr": [
   0.18438264727592468,
   0.37863385677337646,
   0.23551896214485168,
   0.22611773014068604
  ],
  "pc_var": [
   0.15196700394153595,
   0.12065097689628601,
   0.10844968259334564,
   0.08686540275812149
  ]
 },
 "softmax-add-3L-grid+dring-qdist-seed1": {
  "org8": 0.3403640687465668,
  "org256": -0.7206702828407288,
  "legal": 0.9907110929489136,
  "qacc": 0.3804687559604645,
  "pc_corr": [
   0.04302878677845001,
   0.21797767281532288,
   0.1102888286113739,
   0.2849915027618408
  ],
  "pc_var": [
   0.19608698785305023,
   0.11289771646261215,
   0.10522940009832382,
   0.07139477878808975
  ]
 },
 "bilin-lerp-2L-grid+dring-qdist-seed1": {
  "org8": -0.48120012879371643,
  "org256": -0.5387107729911804,
  "legal": 0.8989911675453186,
  "qacc": 0.33125001192092896,
  "pc_corr": [
   0.1948235034942627,
   0.32633161544799805,
   0.4064876139163971,
   0.4241579473018646
  ],
  "pc_var": [
   0.21025991439819336,
   0.12851323187351227,
   0.09482076019048691,
   0.07662998884916306
  ]
 }
}
