/venv/main/lib/python3.12/site-packages/sklearn/base.py:1403: ConvergenceWarning: Number of distinct clusters (3) found smaller than n_clusters (9). Possibly due to duplicate points in X.
  return fit_method(estimator, *args, **kwargs)
/venv/main/lib/python3.12/site-packages/sklearn/base.py:1403: ConvergenceWarning: Number of distinct clusters (3) found smaller than n_clusters (9). Possibly due to duplicate points in X.
  return fit_method(estimator, *args, **kwargs)
/venv/main/lib/python3.12/site-packages/sklearn/base.py:1403: ConvergenceWarning: Number of distinct clusters (3) found smaller than n_clusters (9). Possibly due to duplicate points in X.
  return fit_method(estimator, *args, **kwargs)
/venv/main/lib/python3.12/site-packages/sklearn/base.py:1403: ConvergenceWarning: Number of distinct clusters (3) found smaller than n_clusters (9). Possibly due to duplicate points in X.
  return fit_method(estimator, *args, **kwargs)
/venv/main/lib/python3.12/site-packages/sklearn/base.py:1403: ConvergenceWarning: Number of distinct clusters (3) found smaller than n_clusters (9). Possibly due to duplicate points in X.
  return fit_method(estimator, *args, **kwargs)
/venv/main/lib/python3.12/site-packages/sklearn/base.py:1403: ConvergenceWarning: Number of distinct clusters (3) found smaller than n_clusters (9). Possibly due to duplicate points in X.
  return fit_method(estimator, *args, **kwargs)
/venv/main/lib/python3.12/site-packages/sklearn/base.py:1403: ConvergenceWarning: Number of distinct clusters (3) found smaller than n_clusters (9). Possibly due to duplicate points in X.
  return fit_method(estimator, *args, **kwargs)
/venv/main/lib/python3.12/site-packages/sklearn/base.py:1403: ConvergenceWarning: Number of distinct clusters (3) found smaller than n_clusters (9). Possibly due to duplicate points in X.
  return fit_method(estimator, *args, **kwargs)
/venv/main/lib/python3.12/site-packages/sklearn/base.py:1403: ConvergenceWarning: Number of distinct clusters (3) found smaller than n_clusters (9). Possibly due to duplicate points in X.
  return fit_method(estimator, *args, **kwargs)
/venv/main/lib/python3.12/site-packages/sklearn/base.py:1403: ConvergenceWarning: Number of distinct clusters (3) found smaller than n_clusters (9). Possibly due to duplicate points in X.
  return fit_method(estimator, *args, **kwargs)
/venv/main/lib/python3.12/site-packages/sklearn/base.py:1403: ConvergenceWarning: Number of distinct clusters (3) found smaller than n_clusters (4). Possibly due to duplicate points in X.
  return fit_method(estimator, *args, **kwargs)
/venv/main/lib/python3.12/site-packages/sklearn/base.py:1403: ConvergenceWarning: Number of distinct clusters (3) found smaller than n_clusters (4). Possibly due to duplicate points in X.
  return fit_method(estimator, *args, **kwargs)
/venv/main/lib/python3.12/site-packages/sklearn/base.py:1403: ConvergenceWarning: Number of distinct clusters (3) found smaller than n_clusters (4). Possibly due to duplicate points in X.
  return fit_method(estimator, *args, **kwargs)
/venv/main/lib/python3.12/site-packages/sklearn/base.py:1403: ConvergenceWarning: Number of distinct clusters (3) found smaller than n_clusters (4). Possibly due to duplicate points in X.
  return fit_method(estimator, *args, **kwargs)
/venv/main/lib/python3.12/site-packages/sklearn/base.py:1403: ConvergenceWarning: Number of distinct clusters (3) found smaller than n_clusters (4). Possibly due to duplicate points in X.
  return fit_method(estimator, *args, **kwargs)
/venv/main/lib/python3.12/site-packages/sklearn/base.py:1403: ConvergenceWarning: Number of distinct clusters (3) found smaller than n_clusters (4). Possibly due to duplicate points in X.
  return fit_method(estimator, *args, **kwargs)
/venv/main/lib/python3.12/site-packages/sklearn/base.py:1403: ConvergenceWarning: Number of distinct clusters (3) found smaller than n_clusters (4). Possibly due to duplicate points in X.
  return fit_method(estimator, *args, **kwargs)
/venv/main/lib/python3.12/site-packages/sklearn/base.py:1403: ConvergenceWarning: Number of distinct clusters (3) found smaller than n_clusters (4). Possibly due to duplicate points in X.
  return fit_method(estimator, *args, **kwargs)
/venv/main/lib/python3.12/site-packages/sklearn/base.py:1403: ConvergenceWarning: Number of distinct clusters (3) found smaller than n_clusters (4). Possibly due to duplicate points in X.
  return fit_method(estimator, *args, **kwargs)
/venv/main/lib/python3.12/site-packages/sklearn/base.py:1403: ConvergenceWarning: Number of distinct clusters (3) found smaller than n_clusters (4). Possibly due to duplicate points in X.
  return fit_method(estimator, *args, **kwargs)
/venv/main/lib/python3.12/site-packages/sklearn/base.py:1403: ConvergenceWarning: Number of distinct clusters (3) found smaller than n_clusters (9). Possibly due to duplicate points in X.
  return fit_method(estimator, *args, **kwargs)
/venv/main/lib/python3.12/site-packages/sklearn/base.py:1403: ConvergenceWarning: Number of distinct clusters (3) found smaller than n_clusters (9). Possibly due to duplicate points in X.
  return fit_method(estimator, *args, **kwargs)
/venv/main/lib/python3.12/site-packages/sklearn/base.py:1403: ConvergenceWarning: Number of distinct clusters (3) found smaller than n_clusters (9). Possibly due to duplicate points in X.
  return fit_method(estimator, *args, **kwargs)
/venv/main/lib/python3.12/site-packages/sklearn/base.py:1403: ConvergenceWarning: Number of distinct clusters (3) found smaller than n_clusters (9). Possibly due to duplicate points in X.
  return fit_method(estimator, *args, **kwargs)
/venv/main/lib/python3.12/site-packages/sklearn/base.py:1403: ConvergenceWarning: Number of distinct clusters (3) found smaller than n_clusters (9). Possibly due to duplicate points in X.
  return fit_method(estimator, *args, **kwargs)
/venv/main/lib/python3.12/site-packages/sklearn/base.py:1403: ConvergenceWarning: Number of distinct clusters (3) found smaller than n_clusters (9). Possibly due to duplicate points in X.
  return fit_method(estimator, *args, **kwargs)
/venv/main/lib/python3.12/site-packages/sklearn/base.py:1403: ConvergenceWarning: Number of distinct clusters (3) found smaller than n_clusters (9). Possibly due to duplicate points in X.
  return fit_method(estimator, *args, **kwargs)
/venv/main/lib/python3.12/site-packages/sklearn/base.py:1403: ConvergenceWarning: Number of distinct clusters (3) found smaller than n_clusters (9). Possibly due to duplicate points in X.
  return fit_method(estimator, *args, **kwargs)
/venv/main/lib/python3.12/site-packages/sklearn/base.py:1403: ConvergenceWarning: Number of distinct clusters (3) found smaller than n_clusters (9). Possibly due to duplicate points in X.
  return fit_method(estimator, *args, **kwargs)
/venv/main/lib/python3.12/site-packages/sklearn/base.py:1403: ConvergenceWarning: Number of distinct clusters (3) found smaller than n_clusters (9). Possibly due to duplicate points in X.
  return fit_method(estimator, *args, **kwargs)
/venv/main/lib/python3.12/site-packages/sklearn/base.py:1403: ConvergenceWarning: Number of distinct clusters (3) found smaller than n_clusters (4). Possibly due to duplicate points in X.
  return fit_method(estimator, *args, **kwargs)
/venv/main/lib/python3.12/site-packages/sklearn/base.py:1403: ConvergenceWarning: Number of distinct clusters (3) found smaller than n_clusters (4). Possibly due to duplicate points in X.
  return fit_method(estimator, *args, **kwargs)
/venv/main/lib/python3.12/site-packages/sklearn/base.py:1403: ConvergenceWarning: Number of distinct clusters (3) found smaller than n_clusters (4). Possibly due to duplicate points in X.
  return fit_method(estimator, *args, **kwargs)
/venv/main/lib/python3.12/site-packages/sklearn/base.py:1403: ConvergenceWarning: Number of distinct clusters (3) found smaller than n_clusters (4). Possibly due to duplicate points in X.
  return fit_method(estimator, *args, **kwargs)
/venv/main/lib/python3.12/site-packages/sklearn/base.py:1403: ConvergenceWarning: Number of distinct clusters (3) found smaller than n_clusters (4). Possibly due to duplicate points in X.
  return fit_method(estimator, *args, **kwargs)
/venv/main/lib/python3.12/site-packages/sklearn/base.py:1403: ConvergenceWarning: Number of distinct clusters (3) found smaller than n_clusters (4). Possibly due to duplicate points in X.
  return fit_method(estimator, *args, **kwargs)
/venv/main/lib/python3.12/site-packages/sklearn/base.py:1403: ConvergenceWarning: Number of distinct clusters (3) found smaller than n_clusters (4). Possibly due to duplicate points in X.
  return fit_method(estimator, *args, **kwargs)
/venv/main/lib/python3.12/site-packages/sklearn/base.py:1403: ConvergenceWarning: Number of distinct clusters (3) found smaller than n_clusters (4). Possibly due to duplicate points in X.
  return fit_method(estimator, *args, **kwargs)
/venv/main/lib/python3.12/site-packages/sklearn/base.py:1403: ConvergenceWarning: Number of distinct clusters (3) found smaller than n_clusters (4). Possibly due to duplicate points in X.
  return fit_method(estimator, *args, **kwargs)
/venv/main/lib/python3.12/site-packages/sklearn/base.py:1403: ConvergenceWarning: Number of distinct clusters (3) found smaller than n_clusters (4). Possibly due to duplicate points in X.
  return fit_method(estimator, *args, **kwargs)
/venv/main/lib/python3.12/site-packages/sklearn/base.py:1403: ConvergenceWarning: Number of distinct clusters (3) found smaller than n_clusters (9). Possibly due to duplicate points in X.
  return fit_method(estimator, *args, **kwargs)
/venv/main/lib/python3.12/site-packages/sklearn/base.py:1403: ConvergenceWarning: Number of distinct clusters (3) found smaller than n_clusters (9). Possibly due to duplicate points in X.
  return fit_method(estimator, *args, **kwargs)
/venv/main/lib/python3.12/site-packages/sklearn/base.py:1403: ConvergenceWarning: Number of distinct clusters (3) found smaller than n_clusters (9). Possibly due to duplicate points in X.
  return fit_method(estimator, *args, **kwargs)
/venv/main/lib/python3.12/site-packages/sklearn/base.py:1403: ConvergenceWarning: Number of distinct clusters (3) found smaller than n_clusters (9). Possibly due to duplicate points in X.
  return fit_method(estimator, *args, **kwargs)
/venv/main/lib/python3.12/site-packages/sklearn/base.py:1403: ConvergenceWarning: Number of distinct clusters (3) found smaller than n_clusters (9). Possibly due to duplicate points in X.
  return fit_method(estimator, *args, **kwargs)
/venv/main/lib/python3.12/site-packages/sklearn/base.py:1403: ConvergenceWarning: Number of distinct clusters (3) found smaller than n_clusters (9). Possibly due to duplicate points in X.
  return fit_method(estimator, *args, **kwargs)
/venv/main/lib/python3.12/site-packages/sklearn/base.py:1403: ConvergenceWarning: Number of distinct clusters (3) found smaller than n_clusters (9). Possibly due to duplicate points in X.
  return fit_method(estimator, *args, **kwargs)
/venv/main/lib/python3.12/site-packages/sklearn/base.py:1403: ConvergenceWarning: Number of distinct clusters (3) found smaller than n_clusters (9). Possibly due to duplicate points in X.
  return fit_method(estimator, *args, **kwargs)
/venv/main/lib/python3.12/site-packages/sklearn/base.py:1403: ConvergenceWarning: Number of distinct clusters (3) found smaller than n_clusters (9). Possibly due to duplicate points in X.
  return fit_method(estimator, *args, **kwargs)
/venv/main/lib/python3.12/site-packages/sklearn/base.py:1403: ConvergenceWarning: Number of distinct clusters (3) found smaller than n_clusters (9). Possibly due to duplicate points in X.
  return fit_method(estimator, *args, **kwargs)
/venv/main/lib/python3.12/site-packages/sklearn/base.py:1403: ConvergenceWarning: Number of distinct clusters (3) found smaller than n_clusters (4). Possibly due to duplicate points in X.
  return fit_method(estimator, *args, **kwargs)
/venv/main/lib/python3.12/site-packages/sklearn/base.py:1403: ConvergenceWarning: Number of distinct clusters (3) found smaller than n_clusters (4). Possibly due to duplicate points in X.
  return fit_method(estimator, *args, **kwargs)
/venv/main/lib/python3.12/site-packages/sklearn/base.py:1403: ConvergenceWarning: Number of distinct clusters (3) found smaller than n_clusters (4). Possibly due to duplicate points in X.
  return fit_method(estimator, *args, **kwargs)
/venv/main/lib/python3.12/site-packages/sklearn/base.py:1403: ConvergenceWarning: Number of distinct clusters (3) found smaller than n_clusters (4). Possibly due to duplicate points in X.
  return fit_method(estimator, *args, **kwargs)
/venv/main/lib/python3.12/site-packages/sklearn/base.py:1403: ConvergenceWarning: Number of distinct clusters (3) found smaller than n_clusters (4). Possibly due to duplicate points in X.
  return fit_method(estimator, *args, **kwargs)
/venv/main/lib/python3.12/site-packages/sklearn/base.py:1403: ConvergenceWarning: Number of distinct clusters (3) found smaller than n_clusters (4). Possibly due to duplicate points in X.
  return fit_method(estimator, *args, **kwargs)
/venv/main/lib/python3.12/site-packages/sklearn/base.py:1403: ConvergenceWarning: Number of distinct clusters (3) found smaller than n_clusters (4). Possibly due to duplicate points in X.
  return fit_method(estimator, *args, **kwargs)
/venv/main/lib/python3.12/site-packages/sklearn/base.py:1403: ConvergenceWarning: Number of distinct clusters (3) found smaller than n_clusters (4). Possibly due to duplicate points in X.
  return fit_method(estimator, *args, **kwargs)
/venv/main/lib/python3.12/site-packages/sklearn/base.py:1403: ConvergenceWarning: Number of distinct clusters (3) found smaller than n_clusters (4). Possibly due to duplicate points in X.
  return fit_method(estimator, *args, **kwargs)
/venv/main/lib/python3.12/site-packages/sklearn/base.py:1403: ConvergenceWarning: Number of distinct clusters (3) found smaller than n_clusters (4). Possibly due to duplicate points in X.
  return fit_method(estimator, *args, **kwargs)
/venv/main/lib/python3.12/site-packages/sklearn/base.py:1403: ConvergenceWarning: Number of distinct clusters (3) found smaller than n_clusters (9). Possibly due to duplicate points in X.
  return fit_method(estimator, *args, **kwargs)
/venv/main/lib/python3.12/site-packages/sklearn/base.py:1403: ConvergenceWarning: Number of distinct clusters (3) found smaller than n_clusters (9). Possibly due to duplicate points in X.
  return fit_method(estimator, *args, **kwargs)
/venv/main/lib/python3.12/site-packages/sklearn/base.py:1403: ConvergenceWarning: Number of distinct clusters (3) found smaller than n_clusters (9). Possibly due to duplicate points in X.
  return fit_method(estimator, *args, **kwargs)
/venv/main/lib/python3.12/site-packages/sklearn/base.py:1403: ConvergenceWarning: Number of distinct clusters (3) found smaller than n_clusters (9). Possibly due to duplicate points in X.
  return fit_method(estimator, *args, **kwargs)
/venv/main/lib/python3.12/site-packages/sklearn/base.py:1403: ConvergenceWarning: Number of distinct clusters (3) found smaller than n_clusters (9). Possibly due to duplicate points in X.
  return fit_method(estimator, *args, **kwargs)
/venv/main/lib/python3.12/site-packages/sklearn/base.py:1403: ConvergenceWarning: Number of distinct clusters (3) found smaller than n_clusters (9). Possibly due to duplicate points in X.
  return fit_method(estimator, *args, **kwargs)
/venv/main/lib/python3.12/site-packages/sklearn/base.py:1403: ConvergenceWarning: Number of distinct clusters (3) found smaller than n_clusters (9). Possibly due to duplicate points in X.
  return fit_method(estimator, *args, **kwargs)
/venv/main/lib/python3.12/site-packages/sklearn/base.py:1403: ConvergenceWarning: Number of distinct clusters (3) found smaller than n_clusters (9). Possibly due to duplicate points in X.
  return fit_method(estimator, *args, **kwargs)
/venv/main/lib/python3.12/site-packages/sklearn/base.py:1403: ConvergenceWarning: Number of distinct clusters (3) found smaller than n_clusters (9). Possibly due to duplicate points in X.
  return fit_method(estimator, *args, **kwargs)
/venv/main/lib/python3.12/site-packages/sklearn/base.py:1403: ConvergenceWarning: Number of distinct clusters (3) found smaller than n_clusters (9). Possibly due to duplicate points in X.
  return fit_method(estimator, *args, **kwargs)
/venv/main/lib/python3.12/site-packages/sklearn/base.py:1403: ConvergenceWarning: Number of distinct clusters (3) found smaller than n_clusters (4). Possibly due to duplicate points in X.
  return fit_method(estimator, *args, **kwargs)
/venv/main/lib/python3.12/site-packages/sklearn/base.py:1403: ConvergenceWarning: Number of distinct clusters (3) found smaller than n_clusters (4). Possibly due to duplicate points in X.
  return fit_method(estimator, *args, **kwargs)
/venv/main/lib/python3.12/site-packages/sklearn/base.py:1403: ConvergenceWarning: Number of distinct clusters (3) found smaller than n_clusters (4). Possibly due to duplicate points in X.
  return fit_method(estimator, *args, **kwargs)
/venv/main/lib/python3.12/site-packages/sklearn/base.py:1403: ConvergenceWarning: Number of distinct clusters (3) found smaller than n_clusters (4). Possibly due to duplicate points in X.
  return fit_method(estimator, *args, **kwargs)
/venv/main/lib/python3.12/site-packages/sklearn/base.py:1403: ConvergenceWarning: Number of distinct clusters (3) found smaller than n_clusters (4). Possibly due to duplicate points in X.
  return fit_method(estimator, *args, **kwargs)
/venv/main/lib/python3.12/site-packages/sklearn/base.py:1403: ConvergenceWarning: Number of distinct clusters (3) found smaller than n_clusters (4). Possibly due to duplicate points in X.
  return fit_method(estimator, *args, **kwargs)
/venv/main/lib/python3.12/site-packages/sklearn/base.py:1403: ConvergenceWarning: Number of distinct clusters (3) found smaller than n_clusters (4). Possibly due to duplicate points in X.
  return fit_method(estimator, *args, **kwargs)
/venv/main/lib/python3.12/site-packages/sklearn/base.py:1403: ConvergenceWarning: Number of distinct clusters (3) found smaller than n_clusters (4). Possibly due to duplicate points in X.
  return fit_method(estimator, *args, **kwargs)
/venv/main/lib/python3.12/site-packages/sklearn/base.py:1403: ConvergenceWarning: Number of distinct clusters (3) found smaller than n_clusters (4). Possibly due to duplicate points in X.
  return fit_method(estimator, *args, **kwargs)
/venv/main/lib/python3.12/site-packages/sklearn/base.py:1403: ConvergenceWarning: Number of distinct clusters (3) found smaller than n_clusters (4). Possibly due to duplicate points in X.
  return fit_method(estimator, *args, **kwargs)
/venv/main/lib/python3.12/site-packages/sklearn/base.py:1403: ConvergenceWarning: Number of distinct clusters (3) found smaller than n_clusters (9). Possibly due to duplicate points in X.
  return fit_method(estimator, *args, **kwargs)
/venv/main/lib/python3.12/site-packages/sklearn/base.py:1403: ConvergenceWarning: Number of distinct clusters (3) found smaller than n_clusters (9). Possibly due to duplicate points in X.
  return fit_method(estimator, *args, **kwargs)
/venv/main/lib/python3.12/site-packages/sklearn/base.py:1403: ConvergenceWarning: Number of distinct clusters (3) found smaller than n_clusters (9). Possibly due to duplicate points in X.
  return fit_method(estimator, *args, **kwargs)
/venv/main/lib/python3.12/site-packages/sklearn/base.py:1403: ConvergenceWarning: Number of distinct clusters (3) found smaller than n_clusters (9). Possibly due to duplicate points in X.
  return fit_method(estimator, *args, **kwargs)
/venv/main/lib/python3.12/site-packages/sklearn/base.py:1403: ConvergenceWarning: Number of distinct clusters (3) found smaller than n_clusters (9). Possibly due to duplicate points in X.
  return fit_method(estimator, *args, **kwargs)
/venv/main/lib/python3.12/site-packages/sklearn/base.py:1403: ConvergenceWarning: Number of distinct clusters (3) found smaller than n_clusters (9). Possibly due to duplicate points in X.
  return fit_method(estimator, *args, **kwargs)
/venv/main/lib/python3.12/site-packages/sklearn/base.py:1403: ConvergenceWarning: Number of distinct clusters (3) found smaller than n_clusters (9). Possibly due to duplicate points in X.
  return fit_method(estimator, *args, **kwargs)
/venv/main/lib/python3.12/site-packages/sklearn/base.py:1403: ConvergenceWarning: Number of distinct clusters (3) found smaller than n_clusters (9). Possibly due to duplicate points in X.
  return fit_method(estimator, *args, **kwargs)
/venv/main/lib/python3.12/site-packages/sklearn/base.py:1403: ConvergenceWarning: Number of distinct clusters (3) found smaller than n_clusters (9). Possibly due to duplicate points in X.
  return fit_method(estimator, *args, **kwargs)
/venv/main/lib/python3.12/site-packages/sklearn/base.py:1403: ConvergenceWarning: Number of distinct clusters (3) found smaller than n_clusters (9). Possibly due to duplicate points in X.
  return fit_method(estimator, *args, **kwargs)
/venv/main/lib/python3.12/site-packages/sklearn/base.py:1403: ConvergenceWarning: Number of distinct clusters (3) found smaller than n_clusters (4). Possibly due to duplicate points in X.
  return fit_method(estimator, *args, **kwargs)
/venv/main/lib/python3.12/site-packages/sklearn/base.py:1403: ConvergenceWarning: Number of distinct clusters (3) found smaller than n_clusters (4). Possibly due to duplicate points in X.
  return fit_method(estimator, *args, **kwargs)
/venv/main/lib/python3.12/site-packages/sklearn/base.py:1403: ConvergenceWarning: Number of distinct clusters (3) found smaller than n_clusters (4). Possibly due to duplicate points in X.
  return fit_method(estimator, *args, **kwargs)
/venv/main/lib/python3.12/site-packages/sklearn/base.py:1403: ConvergenceWarning: Number of distinct clusters (3) found smaller than n_clusters (4). Possibly due to duplicate points in X.
  return fit_method(estimator, *args, **kwargs)
/venv/main/lib/python3.12/site-packages/sklearn/base.py:1403: ConvergenceWarning: Number of distinct clusters (3) found smaller than n_clusters (4). Possibly due to duplicate points in X.
  return fit_method(estimator, *args, **kwargs)
/venv/main/lib/python3.12/site-packages/sklearn/base.py:1403: ConvergenceWarning: Number of distinct clusters (3) found smaller than n_clusters (4). Possibly due to duplicate points in X.
  return fit_method(estimator, *args, **kwargs)
/venv/main/lib/python3.12/site-packages/sklearn/base.py:1403: ConvergenceWarning: Number of distinct clusters (3) found smaller than n_clusters (4). Possibly due to duplicate points in X.
  return fit_method(estimator, *args, **kwargs)
/venv/main/lib/python3.12/site-packages/sklearn/base.py:1403: ConvergenceWarning: Number of distinct clusters (3) found smaller than n_clusters (4). Possibly due to duplicate points in X.
  return fit_method(estimator, *args, **kwargs)
/venv/main/lib/python3.12/site-packages/sklearn/base.py:1403: ConvergenceWarning: Number of distinct clusters (3) found smaller than n_clusters (4). Possibly due to duplicate points in X.
  return fit_method(estimator, *args, **kwargs)
/venv/main/lib/python3.12/site-packages/sklearn/base.py:1403: ConvergenceWarning: Number of distinct clusters (3) found smaller than n_clusters (4). Possibly due to duplicate points in X.
  return fit_method(estimator, *args, **kwargs)
DGP-C: n=500 k_g=3 k_c=4 d_c=16 eps=0.3  |  5 DGP seeds x 5 kmeans seeds

measured chance ARI (shuffled labels): g1 -0.0001  g2 +0.0002  joint +0.0007  content -0.0003

  representation                              g1                g2             joint           content
  input x                           0.000±0.003     -0.001±0.003      0.001±0.003      1.000±0.000
  mid z                             0.177±0.099      0.003±0.003      0.139±0.013      0.266±0.118
  output y                          0.073±0.051      0.049±0.037      0.205±0.027      0.096±0.083
  J1 restricted                     1.000±0.000     -0.001±0.002      0.399±0.002     -0.001±0.002
  J2 restricted                    -0.001±0.002      1.000±0.000      0.400±0.003     -0.001±0.002
  J end-to-end                      0.388±0.251      0.217±0.139      1.000±0.000     -0.001±0.002
  sketch k=1                        0.155±0.109      0.240±0.132      1.000±0.000     -0.002±0.002
  sketch k=5                        0.219±0.126      0.204±0.133      1.000±0.000      0.000±0.002
  sketch k=20                       0.387±0.289      0.101±0.107      1.000±0.000      0.002±0.003
  random proj (matched dim)         0.001±0.003     -0.001±0.003      0.000±0.002      1.000±0.000

DONE
