Warning: You are sending unauthenticated requests to the HF Hub. Please set a HF_TOKEN to enable higher rate limits and faster downloads.
[transformers] Token indices sequence length is longer than the specified maximum sequence length for this model (3180 > 1024). Running this sequence through the model will result in indexing errors
500M two-QK. baseline CE 3.7422, 3160 tokens. Intervention: override q1,q2 ONLY (sensitive, WHERE).

/workspace/tensor_language/jacclust/twoqk_ovk.py:76: UserWarning: Converting a tensor with requires_grad=True to a scalar may lead to unexpected behavior.
Consider using tensor.detach() first. (Triggered internally at /pytorch/torch/csrc/autograd/generated/python_variable_methods.cpp:838.)
  Vmix = (1 - float(a.lamb)) * vh + float(a.lamb) * v1_full[:, :, H, :]
  --- L6H3 ---
    q1 only                          +0.0060±0.0006
    [q1;q2] (two-Q, WHERE)           +0.0058±0.0005
    [q1;q2; OVv] (Q + write)         +0.0071±0.0010
    [q1;q2;k1;k2;OVv] (full OVK)     +0.0058±0.0006
    [k1;k2;OVv] (OVK source-side)    +0.0049±0.0006
    residual x                       +0.0035±0.0018
    random                           +0.0000±0.0001
  --- L8H3 ---
    q1 only                          -0.0001±0.0006
    [q1;q2] (two-Q, WHERE)           +0.0001±0.0002
    [q1;q2; OVv] (Q + write)         +0.0006±0.0005
    [q1;q2;k1;k2;OVv] (full OVK)     -0.0003±0.0003
    [k1;k2;OVv] (OVK source-side)    -0.0005±0.0003
    residual x                       +0.0005±0.0005
    random                           -0.0000±0.0000
  --- L0H2 ---
    q1 only                          +0.0111±0.0092
    [q1;q2] (two-Q, WHERE)           +0.0084±0.0080
    [q1;q2; OVv] (Q + write)         +0.0121±0.0054
    [q1;q2;k1;k2;OVv] (full OVK)     +0.0034±0.0026
    [k1;k2;OVv] (OVK source-side)    +0.0159±0.0163
    residual x                       +0.0413±0.0486
    random                           +0.0000±0.0000
  --- L11H5 ---
    q1 only                          +0.0041±0.0002
    [q1;q2] (two-Q, WHERE)           +0.0037±0.0010
    [q1;q2; OVv] (Q + write)         +0.0036±0.0020
    [q1;q2;k1;k2;OVv] (full OVK)     +0.0032±0.0020
    [k1;k2;OVv] (OVK source-side)    +0.0021±0.0010
    residual x                       +0.0013±0.0006
    random                           -0.0000±0.0001
DONE
