Warning: You are sending unauthenticated requests to the HF Hub. Please set a HF_TOKEN to enable higher rate limits and faster downloads.
[transformers] Token indices sequence length is longer than the specified maximum sequence length for this model (3180 > 1024). Running this sequence through the model will result in indexing errors
500M two-QK bilinear. model CE 3.8261  custom CE 3.8261  diff 0.00e+00

=== screen: global-mean-query damage (both q1,q2 -> global mean), pick top causal heads ===
  L8H3: global-query damage +0.0173
  L6H3: global-query damage +0.0170
  L3H3: global-query damage +0.0050
  L11H0: global-query damage +0.0041
  L13H0: global-query damage +0.0040
  L11H6: global-query damage +0.0030
  L3H0: global-query damage +0.0017
  L17H0: global-query damage +0.0013

=== two-QK query clustering (override BOTH q1,q2; vary only the clustering feature), 5 seeds ===

  --- L8H3 ---
/workspace/tensor_language/jacclust/twoqk.py:122: UserWarning: Converting a tensor with requires_grad=True to a scalar may lead to unexpected behavior.
Consider using tensor.detach() first. (Triggered internally at /pytorch/torch/csrc/autograd/generated/python_variable_methods.cpp:838.)
  cw = float(forward_ce(idx, tgt, L, H, override(q1, L2, m1), override(q2, L2, m2)))
    q1 only                                +0.0026 +- 0.0023
    q2 only                                +0.0004 +- 0.0012
    both concat [q1;q2]                    +0.0042 +- 0.0019
    both tensor q1(x)q2 (product kernel)   +0.0035 +- 0.0010
    residual x                             +0.0015 +- 0.0019
    random                                 +0.0001 +- 0.0000
    [mean |cos(q1,q2)| per token = 0.047  (high => the two matrices are redundant)]

  --- L6H3 ---
    q1 only                                +0.0047 +- 0.0011
    q2 only                                +0.0049 +- 0.0014
    both concat [q1;q2]                    +0.0065 +- 0.0009
    both tensor q1(x)q2 (product kernel)   +0.0072 +- 0.0014
    residual x                             +0.0032 +- 0.0022
    random                                 +0.0002 +- 0.0002
    [mean |cos(q1,q2)| per token = 0.073  (high => the two matrices are redundant)]

  --- L3H3 ---
    q1 only                                +0.0009 +- 0.0004
    q2 only                                +0.0014 +- 0.0010
    both concat [q1;q2]                    +0.0010 +- 0.0006
    both tensor q1(x)q2 (product kernel)   +0.0022 +- 0.0011
    residual x                             +0.0008 +- 0.0011
    random                                 +0.0001 +- 0.0001
    [mean |cos(q1,q2)| per token = 0.076  (high => the two matrices are redundant)]
DONE
