skip attn3-rms-seed0 (exists)
attn4-rms-seed0 step 0 loss 3.367 acc [0.04, 0.04, 0.01, 0.05]
attn4-rms-seed0 step 6000 loss 2.213 acc [1.0, 0.21, 0.04, 0.04]
attn4-rms-seed0 step 12000 loss 0.701 acc [1.0, 0.99, 0.86, 0.31]
attn4-rms-seed0 step 18000 loss 0.268 acc [1.0, 1.0, 0.99, 0.68]
attn4-rms-seed0 step 24000 loss 0.050 acc [1.0, 1.0, 0.99, 0.94]
attn4-rms-seed0 step 30000 loss 0.015 acc [1.0, 1.0, 1.0, 0.98]
attn4-rms-seed0 step 36000 loss 0.012 acc [1.0, 1.0, 1.0, 0.99]
== attn4-rms-seed0: acc by hop [1.0, 1.0, 1.0, 0.987]
{
 "attn3-rms-seed0": {
  "0": 1.0,
  "1": 0.9995108429805968,
  "2": 0.259375,
  "3": 0.25724160631994736
 },
 "attn4-rms-seed0": {
  "0": 1.0,
  "1": 1.0,
  "2": 0.999671052631579,
  "3": 0.9868334430546412
 }
}
