Warning: You are sending unauthenticated requests to the HF Hub. Please set a HF_TOKEN to enable higher rate limits and faster downloads.
/venv/main/lib/python3.12/site-packages/sae_lens/saes/sae.py:253: UserWarning: 
This SAE has non-empty model_from_pretrained_kwargs. 
For optimal performance, load the model like so:
model = HookedSAETransformer.from_pretrained_no_processing(..., **cfg.model_from_pretrained_kwargs)
  warnings.warn(
Loading weights:   0%|          | 0/148 [00:00<?, ?it/s]Loading weights: 100%|██████████| 148/148 [00:00<00:00, 35029.46it/s]
Loaded pretrained model gpt2 into HookedTransformer
Moving model to device:  cuda
MATCHED-L0 comparison — precision & RECALL vs the token's available active features

objective                            L0    prec  recall
masked projector (spec)            77.4   14.3%   35.4%
/venv/main/lib/python3.12/site-packages/numpy/_core/fromnumeric.py:3862: RuntimeWarning: Mean of empty slice
  return _methods._mean(a, axis=axis, dtype=dtype,
/venv/main/lib/python3.12/site-packages/numpy/_core/_methods.py:142: RuntimeWarning: invalid value encountered in scalar divide
  ret = ret.dtype.type(ret / rcount)
bilinear M_i quartic (λ 3.0)        0.0    nan%    nan%   R2(M_i) 0.000
bilinear M_i quartic (λ 1.0)        0.0    nan%    nan%   R2(M_i) 0.000
bilinear M_i quartic (λ 0.3)        0.0    nan%    nan%   R2(M_i) 0.000
bilinear M_i quartic (λ 0.1)        0.0    nan%    nan%   R2(M_i) 0.000
plain sparse code of x (no W)     158.6   10.4%   49.5%
DONE
