GUARD (noise=0, init=D_true).

  [guard a] oracle codes on D_true: held-out R2 1.000000  (harness exact)
  noiseless, init = D_true, codes by OMP
    rnd   train R2   HELD-OUT R2   mean|cos to init|
      0     0.9950      0.9940      1.0000
      1     0.9952      0.9940      0.9999
      2     0.9950      0.9938      0.9999
  [guard b] OMP on D_true 0.9940 vs oracle 1.0000  -> greedy-selection error = 0.0060
  [guard c] refinement Δ held-out = -0.0002 (does not move) 

===== noise = 0.05 =====
  init = D_true  (the TRUE generator)
    rnd   train R2   HELD-OUT R2   mean|cos to init|
      0     0.9924      0.9918      1.0000
      1     0.9925      0.9915      0.9998
      2     0.9925      0.9915      0.9998
      3     0.9924      0.9914      0.9998
      4     0.9911      0.9902      0.9996
      5     0.9853      0.9842      0.9979
      6     0.9461      0.9453      0.9872
      7     0.8363      0.8341      0.9269
  init = random (control)
    rnd   train R2   HELD-OUT R2   mean|cos to init|
      0     0.5980      0.5948      1.0000
      1     0.6754      0.6597      0.7654
      2     0.6999      0.6769      0.6726
      3     0.7119      0.6841      0.6152
      4     0.7200      0.6887      0.5812
      5     0.7266      0.6925      0.5573
      6     0.7317      0.6964      0.5396
      7     0.7362      0.7002      0.5228

  Δ held-out R2 from D_true : -0.1577      (H1 if ≫0, H2 if ≈0 or <0)
  Δ held-out R2 from random : +0.1054
  final held-out: true-init 0.8341   random-init 0.7002

===== noise = 0.15 =====
  init = D_true  (the TRUE generator)
    rnd   train R2   HELD-OUT R2   mean|cos to init|
      0     0.9743      0.9733      1.0000
      1     0.9748      0.9726      0.9995
      2     0.9747      0.9723      0.9994
      3     0.9743      0.9717      0.9992
      4     0.9714      0.9686      0.9984
      5     0.9553      0.9532      0.9919
      6     0.8695      0.8666      0.9535
      7     0.8162      0.8122      0.8755
  init = random (control)
    rnd   train R2   HELD-OUT R2   mean|cos to init|
      0     0.5980      0.5949      1.0000
      1     0.6741      0.6582      0.7677
      2     0.6979      0.6741      0.6750
      3     0.7098      0.6815      0.6175
      4     0.7172      0.6859      0.5844
      5     0.7232      0.6887      0.5609
      6     0.7279      0.6915      0.5425
      7     0.7319      0.6946      0.5286

  Δ held-out R2 from D_true : -0.1612      (H1 if ≫0, H2 if ≈0 or <0)
  Δ held-out R2 from random : +0.0997
  final held-out: true-init 0.8122   random-init 0.6946

DONE
