Warning: You are sending unauthenticated requests to the HF Hub. Please set a HF_TOKEN to enable higher rate limits and faster downloads.
/venv/main/lib/python3.12/site-packages/sae_lens/saes/sae.py:253: UserWarning: 
This SAE has non-empty model_from_pretrained_kwargs. 
For optimal performance, load the model like so:
model = HookedSAETransformer.from_pretrained_no_processing(..., **cfg.model_from_pretrained_kwargs)
  warnings.warn(
Loading weights:   0%|          | 0/148 [00:00<?, ?it/s]Loading weights: 100%|██████████| 148/148 [00:00<00:00, 35021.55it/s]
Loaded pretrained model gpt2 into HookedTransformer
Moving model to device:  cuda
[CONTROL] random-init dictionary (feature basis discarded)
W (768, 768) rank 758   K=4096  k=56  N=5872

 round     R2      mean cos(atom, start)   frac atoms |cos|<0.9   loss
    0   0.8340        1.0000                0.0%       2.5139e+06
  [G1 ok] round-0 reproduces the known OMP-over-SAE-features point

    1   0.9010        0.5114              100.0%       1.4993e+06
    2   0.9268        0.3888              100.0%       1.1084e+06
    3   0.9429        0.3289              100.0%       8.6443e+05
    4   0.9539        0.2949              100.0%       6.9734e+05
    5   0.9622        0.2732              100.0%       5.7284e+05

final: mean|cos| to start 0.2732   median 0.2735

HELD-OUT (D frozen, codes re-solved by OMP on unseen tokens, same k):
  init D0 (round 0)              val R2 0.8332
  refined D (round 7)            val R2 0.8979
DONE
