Warning: You are sending unauthenticated requests to the HF Hub. Please set a HF_TOKEN to enable higher rate limits and faster downloads.
/venv/main/lib/python3.12/site-packages/sae_lens/saes/sae.py:253: UserWarning: 
This SAE has non-empty model_from_pretrained_kwargs. 
For optimal performance, load the model like so:
model = HookedSAETransformer.from_pretrained_no_processing(..., **cfg.model_from_pretrained_kwargs)
  warnings.warn(
Loading weights:   0%|          | 0/148 [00:00<?, ?it/s]Loading weights: 100%|██████████| 148/148 [00:00<00:00, 38833.72it/s]
Loaded pretrained model gpt2 into HookedTransformer
Moving model to device:  cuda
W (768, 768) rank 758   K=4096  k=56  N=5872

 round     R2      mean cos(atom, start)   frac atoms |cos|<0.9   loss
    0   0.8884        1.0000                0.0%       1.6903e+06
  [G1 ok] round-0 reproduces the known OMP-over-SAE-features point

    1   0.9244        0.3025              100.0%       1.1446e+06
    2   0.9364        0.3179              100.0%       9.6290e+05
    3   0.9418        0.2509              100.0%       8.8072e+05
    4   0.9445        0.2716              100.0%       8.4032e+05
    5   0.9459        0.2148              100.0%       8.1857e+05

final: mean|cos| to start 0.2177   median 0.2025

HELD-OUT (D frozen, codes re-solved by OMP on unseen tokens, same k):
  feature basis D0 (round 0)     val R2 0.8877
  refined D (round 7)            val R2 0.9120
DONE
